Vivado Simulator 2020.1
Time resolution is 1 ps
LEON3 Xilinx AC701 Demonstration design
GRLIB Version 2020.2.0, build 4254
Target technology: artix7    , memory library: artix7    
ahbctrl: AHB arbiter/multiplexer rev 1
ahbctrl: Common I/O area at 0xfff00000, 1 Mbyte
ahbctrl: AHB masters: 16, AHB slaves: 16
ahbctrl: Configuration area at 0xfffff000, 4 kbyte
ahbctrl: mst0: Cobham Gaisler          LEON3 SPARC V8 Processor        
ahbctrl: mst1: Cobham Gaisler          JTAG Debug Link                 
ahbctrl: mst2: Cobham Gaisler          GR Ethernet MAC                 
ahbctrl: slv1: Cobham Gaisler          AHB/APB Bridge                  
ahbctrl:       memory at 0x80000000, size 1 Mbyte
ahbctrl: slv2: Cobham Gaisler          LEON3 Debug Support Unit        
ahbctrl:       memory at 0x90000000, size 256 Mbyte
ahbctrl: slv3: Cobham Gaisler          Test report module              
ahbctrl:       memory at 0x20000000, size 1 Mbyte
ahbctrl: slv4: Cobham Gaisler          Xilinx MIG Controller           
ahbctrl:       memory at 0x40000000, size 1024 Mbyte, cacheable, prefetch
ahbctrl: slv7: Cobham Gaisler          Generic AHB ROM                 
ahbctrl:       memory at 0x00000000, size 1 Mbyte, cacheable, prefetch
apbctrl: APB Bridge at 0x80000000 rev 1
apbctrl: slv1: Cobham Gaisler          Generic UART                    
apbctrl:       I/O ports at 0x80000100, size 256 byte 
apbctrl: slv2: Cobham Gaisler          Multi-processor Interrupt Ctrl. 
apbctrl:       I/O ports at 0x80000200, size 256 byte 
apbctrl: slv3: Cobham Gaisler          Modular Timer Unit              
apbctrl:       I/O ports at 0x80000300, size 256 byte 
apbctrl: slv4: Cobham Gaisler          Xilinx MIG Controller           
apbctrl:       I/O ports at 0x80000400, size 256 byte 
apbctrl: slv9: Cobham Gaisler          AMBA Wrapper for OC I2C-master  
apbctrl:       I/O ports at 0x80000900, size 256 byte 
apbctrl: slv10: Cobham Gaisler          General Purpose I/O port        
apbctrl:       I/O ports at 0x80000a00, size 256 byte 
apbctrl: slv11: Cobham Gaisler          Gaisler RGMII Interface         
apbctrl:       I/O ports at 0x80001000, size 4 kbyte
apbctrl: slv13: Cobham Gaisler          LEON3 Statistics Unit           
apbctrl:       I/O ports at 0x80010000, size 1 kbyte
apbctrl: slv14: Cobham Gaisler          GR Ethernet MAC                 
apbctrl:       I/O ports at 0x800c0000, size 256 kbyte
ahbrom7: 32-bit AHB ROM Module,  140 words, 8 address bits
apbuart1: Generic UART rev 1, fifo 32, irq 2, scaler bits 12
grgpio10: 7-bit GPIO Unit rev 3
gptimer3: Timer Unit rev 1, 8-bit scaler, 2 32-bit timers, irq 8
irqmp: Multi-processor Interrupt Controller rev 4, #cpu 1, eirq 0
rgmii11: RGMII rev 1, irq 11
greth2: 10/100/1000 Mbit Ethernet MAC rev 02, EDCL 1, buffer 2 kbyte 512 txfifo,  irq 3
clkgen_virtex7: virtex-7 sdram/pci clock generator, version 1
clkgen_virtex7: Frequency 100000 KHz, DCM divisor 16/8
ahbjtag AHB Debug JTAG rev 2
testmod3: Test report module
i2cmst9: AMBA Wrapper for OC I2C-master rev 3, irq 4
lstat_13: LEON Statistics Unit, ncpu : 1, ncnt : 4, rev 1
dsu3_2: LEON3 Debug support unit + AHB Trace Buffer, 4 kbytes
leon3_0: LEON3 SPARC V8 processor rev 3: iuft: 0, fpft: 0, cacheft: 0
leon3_0: icache 1*4 kbyte, dcache 1*4 kbyte
Warning: RESETn not asserted on power-up
Time: 1 us  Iteration: 0  Process: /testbench/gen_mem_model/ddr3mem/u1/initp  File: /home/march/tfm/grlib/lib/gaisler/sim/ddr3ram.vhd
Warning: RESETn raised with less than 200 us init delay
Time: 201 us  Iteration: 0  Process: /testbench/gen_mem_model/ddr3mem/u1/initp  File: /home/march/tfm/grlib/lib/gaisler/sim/ddr3ram.vhd
Note: Start DSU transfer
Time: 213404200 ps  Iteration: 5  Process: /testbench/dsucom  File: /home/march/tfm/grlib/designs/leon3-xilinx-ac701/testbench.vhd
Failure: *** IU in error mode, simulation halted ***
Time: 318404200 ps  Iteration: 0  Process: /testbench/iuerr  File: /home/march/tfm/grlib/designs/leon3-xilinx-ac701/testbench.vhd
$finish called at time : 318404200 ps : File "/home/march/tfm/grlib/designs/leon3-xilinx-ac701/testbench.vhd" Line 672
