Vivado Simulator 2020.1
Time resolution is 1 ps
LEON3 Xilinx zc702 Demonstration design
GRLIB Version 2020.2.0, build 4254
Target technology: zynq7000  , memory library: zynq7000  
ahbctrl: AHB arbiter/multiplexer rev 1
ahbctrl: Common I/O area at 0xfff00000, 1 Mbyte
ahbctrl: AHB masters: 2, AHB slaves: 8
ahbctrl: Configuration area at 0xfffff000, 4 kbyte
ahbctrl: mst0: Cobham Gaisler          LEON3 SPARC V8 Processor        
ahbctrl: mst1: Cobham Gaisler          JTAG Debug Link                 
ahbctrl: slv0: Cobham Gaisler          Generic AHB ROM                 
ahbctrl:       memory at 0x00000000, size 1 Mbyte, cacheable, prefetch
ahbctrl: slv1: Cobham Gaisler          AHB/APB Bridge                  
ahbctrl:       memory at 0x80000000, size 1 Mbyte
ahbctrl: slv2: Cobham Gaisler          LEON3 Debug Support Unit        
ahbctrl:       memory at 0x90000000, size 256 Mbyte
ahbctrl: slv3: Cobham Gaisler          Xilinx MIG DDR2 Controller      
ahbctrl:       memory at 0x40000000, size 256 Mbyte, cacheable, prefetch
ahbctrl: slv6: Cobham Gaisler          Test report module              
ahbctrl:       memory at 0x20000000, size 1 Mbyte
apbctrl: APB Bridge at 0x80000000 rev 1
apbctrl: slv0: Cobham Gaisler          Xilinx MIG DDR2 Controller      
apbctrl:       I/O ports at 0x80000000, size 256 byte 
apbctrl: slv1: Cobham Gaisler          Generic UART                    
apbctrl:       I/O ports at 0x80000100, size 256 byte 
apbctrl: slv2: Cobham Gaisler          Multi-processor Interrupt Ctrl. 
apbctrl:       I/O ports at 0x80000200, size 256 byte 
apbctrl: slv3: Cobham Gaisler          Modular Timer Unit              
apbctrl:       I/O ports at 0x80000300, size 256 byte 
apbctrl: slv8: Cobham Gaisler          General Purpose I/O port        
apbctrl:       I/O ports at 0x80000800, size 256 byte 
apbctrl: slv15: Cobham Gaisler          AHB Status Register             
apbctrl:       I/O ports at 0x80000f00, size 256 byte 
ahbrom0: 32-bit AHB ROM Module,  124 words, 7 address bits
ahbstat15: AHB status unit rev 0, irq 7
apbuart1: Generic UART rev 1, fifo 8, irq 2, scaler bits 12
grgpio8: 16-bit GPIO Unit rev 3
gptimer3: Timer Unit rev 1, 8-bit scaler, 2 32-bit timers, irq 8
irqmp: Multi-processor Interrupt Controller rev 4, #cpu 1, eirq 0
ahbjtag AHB Debug JTAG rev 2
dsu3_2: LEON3 Debug support unit + AHB Trace Buffer, 2 kbytes
leon3_0: LEON3 SPARC V8 processor rev 3: iuft: 0, fpft: 0, cacheft: 0
leon3_0: icache 2*8 kbyte, dcache 2*4 kbyte
testmod6: Test report module

**** GRLIB system test starting ****
Basic memory test
subtest 1
subtest 2
subtest 3
subtest 4
LEON3 SPARC V8 Processor        
  CPU#0 register file
  CPU#0 multiplier
  CPU#0 radix-2 divider
  CPU#0 cache system
  CPU#0 memory management unit
Multi-processor Interrupt Ctrl. 
Modular Timer Unit              
  timer 1
  timer 2
  chain mode
Generic UART                    
Test passed, halting with IU error mode

Failure: Assertion violation
Time: 941004 ns  Iteration: 1  Process: /testbench/cpu/test0/log  File: /home/march/tfm/grlib/lib/gaisler/sim/ahbrep.vhd
$finish called at time : 941004 ns : File "/home/march/tfm/grlib/lib/gaisler/sim/ahbrep.vhd" Line 133
LEON3 Xilinx zc702 Demonstration design
GRLIB Version 2020.2.0, build 4254
Target technology: zynq7000  , memory library: zynq7000  
ahbctrl: AHB arbiter/multiplexer rev 1
ahbctrl: Common I/O area at 0xfff00000, 1 Mbyte
ahbctrl: AHB masters: 2, AHB slaves: 8
ahbctrl: Configuration area at 0xfffff000, 4 kbyte
ahbctrl: mst0: Cobham Gaisler          LEON3 SPARC V8 Processor        
ahbctrl: mst1: Cobham Gaisler          JTAG Debug Link                 
ahbctrl: slv0: Cobham Gaisler          Generic AHB ROM                 
ahbctrl:       memory at 0x00000000, size 1 Mbyte, cacheable, prefetch
ahbctrl: slv1: Cobham Gaisler          AHB/APB Bridge                  
ahbctrl:       memory at 0x80000000, size 1 Mbyte
ahbctrl: slv2: Cobham Gaisler          LEON3 Debug Support Unit        
ahbctrl:       memory at 0x90000000, size 256 Mbyte
ahbctrl: slv3: Cobham Gaisler          Xilinx MIG DDR2 Controller      
ahbctrl:       memory at 0x40000000, size 256 Mbyte, cacheable, prefetch
ahbctrl: slv6: Cobham Gaisler          Test report module              
ahbctrl:       memory at 0x20000000, size 1 Mbyte
apbctrl: APB Bridge at 0x80000000 rev 1
apbctrl: slv0: Cobham Gaisler          Xilinx MIG DDR2 Controller      
apbctrl:       I/O ports at 0x80000000, size 256 byte 
apbctrl: slv1: Cobham Gaisler          Generic UART                    
apbctrl:       I/O ports at 0x80000100, size 256 byte 
apbctrl: slv2: Cobham Gaisler          Multi-processor Interrupt Ctrl. 
apbctrl:       I/O ports at 0x80000200, size 256 byte 
apbctrl: slv3: Cobham Gaisler          Modular Timer Unit              
apbctrl:       I/O ports at 0x80000300, size 256 byte 
apbctrl: slv8: Cobham Gaisler          General Purpose I/O port        
apbctrl:       I/O ports at 0x80000800, size 256 byte 
apbctrl: slv15: Cobham Gaisler          AHB Status Register             
apbctrl:       I/O ports at 0x80000f00, size 256 byte 
ahbrom0: 32-bit AHB ROM Module,  124 words, 7 address bits
ahbstat15: AHB status unit rev 0, irq 7
apbuart1: Generic UART rev 1, fifo 8, irq 2, scaler bits 12
grgpio8: 16-bit GPIO Unit rev 3
gptimer3: Timer Unit rev 1, 8-bit scaler, 2 32-bit timers, irq 8
irqmp: Multi-processor Interrupt Controller rev 4, #cpu 1, eirq 0
ahbjtag AHB Debug JTAG rev 2
dsu3_2: LEON3 Debug support unit + AHB Trace Buffer, 2 kbytes
leon3_0: LEON3 SPARC V8 processor rev 3: iuft: 0, fpft: 0, cacheft: 0
leon3_0: icache 2*8 kbyte, dcache 2*4 kbyte
testmod6: Test report module

**** GRLIB system test starting ****
Basic memory test
subtest 1
subtest 2
subtest 3
subtest 4
LEON3 SPARC V8 Processor        
  CPU#0 register file
  CPU#0 multiplier
  CPU#0 radix-2 divider
  CPU#0 cache system
  CPU#0 memory management unit
Multi-processor Interrupt Ctrl. 
Modular Timer Unit              
  timer 1
  timer 2
  chain mode
Generic UART                    
Test passed, halting with IU error mode

Failure: Assertion violation
Time: 941004 ns  Iteration: 1  Process: /testbench/cpu/test0/log  File: /home/march/tfm/grlib/lib/gaisler/sim/ahbrep.vhd
$finish called at time : 941004 ns : File "/home/march/tfm/grlib/lib/gaisler/sim/ahbrep.vhd" Line 133
